<?xml version="1.0" encoding="UTF-8" standalone="no"?>
<!DOCTYPE properties SYSTEM "http://java.sun.com/dtd/properties.dtd">
<properties>
    <entry key="input.file">./src/test/resources/zipped-backup.mbz</entry>
    <entry key="output.file">./out.mbz</entry>
    <entry key="continue.label">Kontynuuj</entry>
    <entry key="initial.seq">1</entry>
</properties>